# JRE version: Java(TM) SE Runtime Environment (8.0_144-b01) (build 1.8.0_144-b01)
# Java VM: Java HotSpot(TM) Client VM (25.144-b01 mixed mode windows-x86 )
Heap:
 def new generation   total 39424K, used 35073K [0x04600000, 0x070c0000, 0x0f0a0000)
  eden space 35072K, 100% used [0x04600000, 0x06840000, 0x06840000)
  from space 4352K,   0% used [0x06c80000, 0x06c80580, 0x070c0000)
  to   space 4352K,   0% used [0x06840000, 0x06840000, 0x06c80000)
 tenured generation   total 87424K, used 76757K [0x0f0a0000, 0x14600000, 0x24600000)
   the space 87424K,  87% used [0x0f0a0000, 0x13b95710, 0x13b95800, 0x14600000)
 Metaspace       used 20108K, capacity 20842K, committed 20864K, reserved 20864K
GC Heap History (10 events):
Event: 1272886.024 GC heap before
{Heap before GC invocations=16382 (full 2):
 def new generation   total 39424K, used 35073K [0x04600000, 0x070c0000, 0x0f0a0000)
  eden space 35072K, 100% used [0x04600000, 0x06840000, 0x06840000)
  from space 4352K,   0% used [0x06840000, 0x06840580, 0x06c80000)
  to   space 4352K,   0% used [0x06c80000, 0x06c80000, 0x070c0000)
 tenured generation   total 87424K, used 76757K [0x0f0a0000, 0x14600000, 0x24600000)
   the space 87424K,  87% used [0x0f0a0000, 0x13b95710, 0x13b95800, 0x14600000)
 Metaspace       used 20108K, capacity 20842K, committed 20864K, reserved 20864K
Event: 1272886.025 GC heap after
Heap after GC invocations=16383 (full 2):
 def new generation   total 39424K, used 1K [0x04600000, 0x070c0000, 0x0f0a0000)
  eden space 35072K,   0% used [0x04600000, 0x04600000, 0x06840000)
  from space 4352K,   0% used [0x06c80000, 0x06c80580, 0x070c0000)
  to   space 4352K,   0% used [0x06840000, 0x06840000, 0x06c80000)
 tenured generation   total 87424K, used 76757K [0x0f0a0000, 0x14600000, 0x24600000)
   the space 87424K,  87% used [0x0f0a0000, 0x13b95710, 0x13b95800, 0x14600000)
 Metaspace       used 20108K, capacity 20842K, committed 20864K, reserved 20864K
}
Event: 1272890.122 GC heap before
{Heap before GC invocations=16383 (full 2):
 def new generation   total 39424K, used 35073K [0x04600000, 0x070c0000, 0x0f0a0000)
  eden space 35072K, 100% used [0x04600000, 0x06840000, 0x06840000)
  from space 4352K,   0% used [0x06c80000, 0x06c80580, 0x070c0000)
  to   space 4352K,   0% used [0x06840000, 0x06840000, 0x06c80000)
 tenured generation   total 87424K, used 76757K [0x0f0a0000, 0x14600000, 0x24600000)
   the space 87424K,  87% used [0x0f0a0000, 0x13b95710, 0x13b95800, 0x14600000)
 Metaspace       used 20108K, capacity 20842K, committed 20864K, reserved 20864K
Event: 1272890.123 GC heap after
Heap after GC invocations=16384 (full 2):
 def new generation   total 39424K, used 1K [0x04600000, 0x070c0000, 0x0f0a0000)
  eden space 35072K,   0% used [0x04600000, 0x04600000, 0x06840000)
  from space 4352K,   0% used [0x06840000, 0x06840580, 0x06c80000)
  to   space 4352K,   0% used [0x06c80000, 0x06c80000, 0x070c0000)
 tenured generation   total 87424K, used 76757K [0x0f0a0000, 0x14600000, 0x24600000)
   the space 87424K,  87% used [0x0f0a0000, 0x13b95710, 0x13b95800, 0x14600000)
 Metaspace       used 20108K, capacity 20842K, committed 20864K, reserved 20864K
}
Event: 1272894.325 GC heap before
{Heap before GC invocations=16384 (full 2):
 def new generation   total 39424K, used 35073K [0x04600000, 0x070c0000, 0x0f0a0000)
  eden space 35072K, 100% used [0x04600000, 0x06840000, 0x06840000)
  from space 4352K,   0% used [0x06840000, 0x06840580, 0x06c80000)
  to   space 4352K,   0% used [0x06c80000, 0x06c80000, 0x070c0000)
 tenured generation   total 87424K, used 76757K [0x0f0a0000, 0x14600000, 0x24600000)
   the space 87424K,  87% used [0x0f0a0000, 0x13b95710, 0x13b95800, 0x14600000)
 Metaspace       used 20108K, capacity 20842K, committed 20864K, reserved 20864K
Event: 1272894.326 GC heap after
Heap after GC invocations=16385 (full 2):
 def new generation   total 39424K, used 1K [0x04600000, 0x070c0000, 0x0f0a0000)
  eden space 35072K,   0% used [0x04600000, 0x04600000, 0x06840000)
  from space 4352K,   0% used [0x06c80000, 0x06c80580, 0x070c0000)
  to   space 4352K,   0% used [0x06840000, 0x06840000, 0x06c80000)
 tenured generation   total 87424K, used 76757K [0x0f0a0000, 0x14600000, 0x24600000)
   the space 87424K,  87% used [0x0f0a0000, 0x13b95710, 0x13b95800, 0x14600000)
 Metaspace       used 20108K, capacity 20842K, committed 20864K, reserved 20864K
}
Event: 1272898.536 GC heap before
{Heap before GC invocations=16385 (full 2):
 def new generation   total 39424K, used 35073K [0x04600000, 0x070c0000, 0x0f0a0000)
  eden space 35072K, 100% used [0x04600000, 0x06840000, 0x06840000)
  from space 4352K,   0% used [0x06c80000, 0x06c80580, 0x070c0000)
  to   space 4352K,   0% used [0x06840000, 0x06840000, 0x06c80000)
 tenured generation   total 87424K, used 76757K [0x0f0a0000, 0x14600000, 0x24600000)
   the space 87424K,  87% used [0x0f0a0000, 0x13b95710, 0x13b95800, 0x14600000)
 Metaspace       used 20108K, capacity 20842K, committed 20864K, reserved 20864K
Event: 1272898.537 GC heap after
Heap after GC invocations=16386 (full 2):
 def new generation   total 39424K, used 1K [0x04600000, 0x070c0000, 0x0f0a0000)
  eden space 35072K,   0% used [0x04600000, 0x04600000, 0x06840000)
  from space 4352K,   0% used [0x06840000, 0x06840580, 0x06c80000)
  to   space 4352K,   0% used [0x06c80000, 0x06c80000, 0x070c0000)
 tenured generation   total 87424K, used 76757K [0x0f0a0000, 0x14600000, 0x24600000)
   the space 87424K,  87% used [0x0f0a0000, 0x13b95710, 0x13b95800, 0x14600000)
 Metaspace       used 20108K, capacity 20842K, committed 20864K, reserved 20864K
}
Event: 1272902.712 GC heap before
{Heap before GC invocations=16386 (full 2):
 def new generation   total 39424K, used 35073K [0x04600000, 0x070c0000, 0x0f0a0000)
  eden space 35072K, 100% used [0x04600000, 0x06840000, 0x06840000)
  from space 4352K,   0% used [0x06840000, 0x06840580, 0x06c80000)
  to   space 4352K,   0% used [0x06c80000, 0x06c80000, 0x070c0000)
 tenured generation   total 87424K, used 76757K [0x0f0a0000, 0x14600000, 0x24600000)
   the space 87424K,  87% used [0x0f0a0000, 0x13b95710, 0x13b95800, 0x14600000)
 Metaspace       used 20108K, capacity 20842K, committed 20864K, reserved 20864K
Event: 1272902.713 GC heap after
Heap after GC invocations=16387 (full 2):
 def new generation   total 39424K, used 1K [0x04600000, 0x070c0000, 0x0f0a0000)
  eden space 35072K,   0% used [0x04600000, 0x04600000, 0x06840000)
  from space 4352K,   0% used [0x06c80000, 0x06c80580, 0x070c0000)
  to   space 4352K,   0% used [0x06840000, 0x06840000, 0x06c80000)
 tenured generation   total 87424K, used 76757K [0x0f0a0000, 0x14600000, 0x24600000)
   the space 87424K,  87% used [0x0f0a0000, 0x13b95710, 0x13b95800, 0x14600000)
 Metaspace       used 20108K, capacity 20842K, committed 20864K, reserved 20864K
}

